<?xml version="1.0" encoding="UTF-8"?>
<testng-results ignored="0" total="3" passed="3" failed="0" skipped="0">
  <reporter-output>
  </reporter-output>
  <suite started-at="2024-04-16T18:02:24 IST" name="Default suite" finished-at="2024-04-16T18:02:30 IST" duration-ms="5170">
    <groups>
    </groups>
    <test started-at="2024-04-16T18:02:24 IST" name="Default test" finished-at="2024-04-16T18:02:30 IST" duration-ms="5170">
      <class name="reqres.seri">
        <test-method signature="test1(java.lang.String,java.lang.String)[pri:0, instance:reqres.seri@49049a04]" started-at="2024-04-16T18:02:25 IST" name="test1" data-provider="getdata" finished-at="2024-04-16T18:02:29 IST" duration-ms="4273" status="PASS">
          <params>
            <param index="0">
              <value>
                <![CDATA[Rahul]]>
              </value>
            </param>
            <param index="1">
              <value>
                <![CDATA[Automation]]>
              </value>
            </param>
          </params>
          <reporter-output>
          </reporter-output>
        </test-method> <!-- test1 -->
        <test-method signature="test1(java.lang.String,java.lang.String)[pri:0, instance:reqres.seri@49049a04]" started-at="2024-04-16T18:02:29 IST" name="test1" data-provider="getdata" finished-at="2024-04-16T18:02:29 IST" duration-ms="402" status="PASS">
          <params>
            <param index="0">
              <value>
                <![CDATA[Raming]]>
              </value>
            </param>
            <param index="1">
              <value>
                <![CDATA[Patel]]>
              </value>
            </param>
          </params>
          <reporter-output>
          </reporter-output>
        </test-method> <!-- test1 -->
        <test-method signature="test1(java.lang.String,java.lang.String)[pri:0, instance:reqres.seri@49049a04]" started-at="2024-04-16T18:02:29 IST" name="test1" data-provider="getdata" finished-at="2024-04-16T18:02:30 IST" duration-ms="372" status="PASS">
          <params>
            <param index="0">
              <value>
                <![CDATA[Console]]>
              </value>
            </param>
            <param index="1">
              <value>
                <![CDATA[patel]]>
              </value>
            </param>
          </params>
          <reporter-output>
          </reporter-output>
        </test-method> <!-- test1 -->
      </class> <!-- reqres.seri -->
    </test> <!-- Default test -->
  </suite> <!-- Default suite -->
</testng-results>
